app/build/intermediates/manifest_merge_blame_file/release/processReleaseMainManifest/manifest-merger-blame-release-report.txt
1<?xml version="1.0" encoding="utf-8"?>
2<manifest xmlns:android="http://schemas.android.com/apk/res/android"
3    package="com.msa.android"
4    android:versionCode="11"
5    android:versionName="1.1" >
6
7    <uses-sdk
8        android:minSdkVersion="26"
9        android:targetSdkVersion="35" />
10
11    <uses-permission android:name="android.permission.INTERNET" />
11-->src/main/AndroidManifest.xml:5:5-67
11-->src/main/AndroidManifest.xml:5:22-64
12    <uses-permission android:name="android.permission.ACCESS_NETWORK_STATE" />
12-->src/main/AndroidManifest.xml:6:5-79
12-->src/main/AndroidManifest.xml:6:22-76
13    <uses-permission android:name="android.permission.POST_NOTIFICATIONS" />
13-->src/main/AndroidManifest.xml:7:5-77
13-->src/main/AndroidManifest.xml:7:22-74
14    <uses-permission android:name="android.permission.VIBRATE" />
14-->src/main/AndroidManifest.xml:8:5-66
14-->src/main/AndroidManifest.xml:8:22-63
15
16    <!--
17         QR scanner uses the camera. android.hardware.camera.any with required=false
18         keeps the app installable on devices without a back camera (rare).
19    -->
20    <uses-permission android:name="android.permission.CAMERA" />
20-->src/main/AndroidManifest.xml:12:5-65
20-->src/main/AndroidManifest.xml:12:22-62
21
22    <uses-feature
22-->src/main/AndroidManifest.xml:13:5-89
23        android:name="android.hardware.camera.any"
23-->src/main/AndroidManifest.xml:13:19-61
24        android:required="false" />
24-->src/main/AndroidManifest.xml:13:62-86
25
26    <uses-permission android:name="android.permission.WAKE_LOCK" />
26-->[com.google.android.gms:play-services-measurement:22.0.2] AndroidManifest.xml:25:5-68
26-->[com.google.android.gms:play-services-measurement:22.0.2] AndroidManifest.xml:25:22-65
27    <uses-permission android:name="com.google.android.finsky.permission.BIND_GET_INSTALL_REFERRER_SERVICE" /> <!-- Required by older versions of Google Play services to create IID tokens -->
27-->[com.google.android.gms:play-services-measurement:22.0.2] AndroidManifest.xml:26:5-110
27-->[com.google.android.gms:play-services-measurement:22.0.2] AndroidManifest.xml:26:22-107
28    <uses-permission android:name="com.google.android.c2dm.permission.RECEIVE" />
28-->[com.google.firebase:firebase-messaging:24.0.0] AndroidManifest.xml:26:5-82
28-->[com.google.firebase:firebase-messaging:24.0.0] AndroidManifest.xml:26:22-79
29    <uses-permission android:name="com.google.android.gms.permission.AD_ID" />
29-->[com.google.android.gms:play-services-measurement-impl:22.0.2] AndroidManifest.xml:27:5-79
29-->[com.google.android.gms:play-services-measurement-impl:22.0.2] AndroidManifest.xml:27:22-76
30    <uses-permission android:name="android.permission.ACCESS_ADSERVICES_AD_ID" />
30-->[com.google.android.gms:play-services-ads-lite:23.5.0] AndroidManifest.xml:27:5-82
30-->[com.google.android.gms:play-services-ads-lite:23.5.0] AndroidManifest.xml:27:22-79
31    <uses-permission android:name="android.permission.ACCESS_ADSERVICES_ATTRIBUTION" />
31-->[com.google.android.gms:play-services-ads-lite:23.5.0] AndroidManifest.xml:28:5-88
31-->[com.google.android.gms:play-services-ads-lite:23.5.0] AndroidManifest.xml:28:22-85
32    <uses-permission android:name="android.permission.ACCESS_ADSERVICES_TOPICS" /> <!-- Android package visibility setting -->
32-->[com.google.android.gms:play-services-ads-lite:23.5.0] AndroidManifest.xml:29:5-83
32-->[com.google.android.gms:play-services-ads-lite:23.5.0] AndroidManifest.xml:29:22-80
33    <queries>
33-->[com.google.android.gms:play-services-ads-lite:23.5.0] AndroidManifest.xml:35:5-68:15
34
35        <!-- For browser content -->
36        <intent>
36-->[com.google.android.gms:play-services-ads-lite:23.5.0] AndroidManifest.xml:38:9-44:18
37            <action android:name="android.intent.action.VIEW" />
37-->[com.google.android.gms:play-services-ads-lite:23.5.0] AndroidManifest.xml:39:13-65
37-->[com.google.android.gms:play-services-ads-lite:23.5.0] AndroidManifest.xml:39:21-62
38
39            <category android:name="android.intent.category.BROWSABLE" />
39-->[com.google.android.gms:play-services-ads-lite:23.5.0] AndroidManifest.xml:41:13-74
39-->[com.google.android.gms:play-services-ads-lite:23.5.0] AndroidManifest.xml:41:23-71
40
41            <data android:scheme="https" />
41-->[com.google.android.gms:play-services-ads-lite:23.5.0] AndroidManifest.xml:43:13-44
41-->[com.google.android.gms:play-services-ads-lite:23.5.0] AndroidManifest.xml:43:19-41
42        </intent>
43        <!-- End of browser content -->
44        <!-- For CustomTabsService -->
45        <intent>
45-->[com.google.android.gms:play-services-ads-lite:23.5.0] AndroidManifest.xml:47:9-49:18
46            <action android:name="android.support.customtabs.action.CustomTabsService" />
46-->[com.google.android.gms:play-services-ads-lite:23.5.0] AndroidManifest.xml:48:13-90
46-->[com.google.android.gms:play-services-ads-lite:23.5.0] AndroidManifest.xml:48:21-87
47        </intent>
48        <!-- End of CustomTabsService -->
49        <!-- For MRAID capabilities -->
50        <intent>
50-->[com.google.android.gms:play-services-ads-lite:23.5.0] AndroidManifest.xml:52:9-56:18
51            <action android:name="android.intent.action.INSERT" />
51-->[com.google.android.gms:play-services-ads-lite:23.5.0] AndroidManifest.xml:53:13-67
51-->[com.google.android.gms:play-services-ads-lite:23.5.0] AndroidManifest.xml:53:21-64
52
53            <data android:mimeType="vnd.android.cursor.dir/event" />
53-->[com.google.android.gms:play-services-ads-lite:23.5.0] AndroidManifest.xml:43:13-44
54        </intent>
55        <intent>
55-->[com.google.android.gms:play-services-ads-lite:23.5.0] AndroidManifest.xml:57:9-61:18
56            <action android:name="android.intent.action.VIEW" />
56-->[com.google.android.gms:play-services-ads-lite:23.5.0] AndroidManifest.xml:39:13-65
56-->[com.google.android.gms:play-services-ads-lite:23.5.0] AndroidManifest.xml:39:21-62
57
58            <data android:scheme="sms" />
58-->[com.google.android.gms:play-services-ads-lite:23.5.0] AndroidManifest.xml:43:13-44
58-->[com.google.android.gms:play-services-ads-lite:23.5.0] AndroidManifest.xml:43:19-41
59        </intent>
60        <intent>
60-->[com.google.android.gms:play-services-ads-lite:23.5.0] AndroidManifest.xml:62:9-66:18
61            <action android:name="android.intent.action.DIAL" />
61-->[com.google.android.gms:play-services-ads-lite:23.5.0] AndroidManifest.xml:63:13-65
61-->[com.google.android.gms:play-services-ads-lite:23.5.0] AndroidManifest.xml:63:21-62
62
63            <data android:path="tel:" />
63-->[com.google.android.gms:play-services-ads-lite:23.5.0] AndroidManifest.xml:43:13-44
64        </intent>
65        <!-- End of MRAID capabilities -->
66    </queries>
67
68    <uses-permission android:name="android.permission.FOREGROUND_SERVICE" />
68-->[androidx.work:work-runtime:2.7.0] AndroidManifest.xml:28:5-77
68-->[androidx.work:work-runtime:2.7.0] AndroidManifest.xml:28:22-74
69
70    <permission
70-->[androidx.core:core:1.13.1] AndroidManifest.xml:22:5-24:47
71        android:name="com.msa.android.DYNAMIC_RECEIVER_NOT_EXPORTED_PERMISSION"
71-->[androidx.core:core:1.13.1] AndroidManifest.xml:23:9-81
72        android:protectionLevel="signature" />
72-->[androidx.core:core:1.13.1] AndroidManifest.xml:24:9-44
73
74    <uses-permission android:name="com.msa.android.DYNAMIC_RECEIVER_NOT_EXPORTED_PERMISSION" />
74-->[androidx.core:core:1.13.1] AndroidManifest.xml:26:5-97
74-->[androidx.core:core:1.13.1] AndroidManifest.xml:26:22-94
75
76    <application
76-->src/main/AndroidManifest.xml:15:5-80:19
77        android:name="com.msa.android.MSAApplication"
77-->src/main/AndroidManifest.xml:16:9-54
78        android:allowBackup="true"
78-->src/main/AndroidManifest.xml:17:9-35
79        android:appComponentFactory="androidx.core.app.CoreComponentFactory"
79-->[androidx.core:core:1.13.1] AndroidManifest.xml:28:18-86
80        android:dataExtractionRules="@xml/data_extraction_rules"
80-->src/main/AndroidManifest.xml:18:9-65
81        android:extractNativeLibs="false"
82        android:fullBackupContent="@xml/backup_rules"
82-->src/main/AndroidManifest.xml:19:9-54
83        android:icon="@mipmap/ic_launcher"
83-->src/main/AndroidManifest.xml:20:9-43
84        android:label="@string/app_name"
84-->src/main/AndroidManifest.xml:21:9-41
85        android:roundIcon="@mipmap/ic_launcher_round"
85-->src/main/AndroidManifest.xml:22:9-54
86        android:supportsRtl="true"
86-->src/main/AndroidManifest.xml:23:9-35
87        android:theme="@style/Theme.MSA.Splash"
87-->src/main/AndroidManifest.xml:24:9-48
88        android:usesCleartextTraffic="true" >
88-->src/main/AndroidManifest.xml:25:9-44
89        <property
89-->src/main/AndroidManifest.xml:28:9-34:48
90            android:name="android.adservices.AD_SERVICES_CONFIG"
90-->src/main/AndroidManifest.xml:30:13-65
91            android:resource="@xml/gma_ad_services_config" />
91-->src/main/AndroidManifest.xml:32:13-59
92
93        <!--
94          AdMob — APPLICATION_ID is REQUIRED. Without this tag the SDK calls
95          System.exit() on startup. The value below is Google's official sample
96          test app ID — serves test ads only, never billed, safe to ship for
97          development. Replace with your real App ID from admob.google.com once
98          you've set up your app there. Format: ca-app-pub-XXXXX~YYYY (tilde).
99        -->
100        <meta-data
100-->src/main/AndroidManifest.xml:43:9-45:70
101            android:name="com.google.android.gms.ads.APPLICATION_ID"
101-->src/main/AndroidManifest.xml:44:13-69
102            android:value="ca-app-pub-3940256099942544~3347511713" />
102-->src/main/AndroidManifest.xml:45:13-67
103
104        <activity
104-->src/main/AndroidManifest.xml:47:9-57:20
105            android:name="com.msa.android.MainActivity"
105-->src/main/AndroidManifest.xml:48:13-56
106            android:configChanges="orientation|screenSize|smallestScreenSize|screenLayout|keyboardHidden|layoutDirection|locale"
106-->src/main/AndroidManifest.xml:50:13-129
107            android:exported="true"
107-->src/main/AndroidManifest.xml:49:13-36
108            android:theme="@style/Theme.MSA.Splash"
108-->src/main/AndroidManifest.xml:52:13-52
109            android:windowSoftInputMode="adjustResize" >
109-->src/main/AndroidManifest.xml:51:13-55
110            <intent-filter>
110-->src/main/AndroidManifest.xml:53:13-56:29
111                <action android:name="android.intent.action.MAIN" />
111-->src/main/AndroidManifest.xml:54:17-69
111-->src/main/AndroidManifest.xml:54:25-66
112
113                <category android:name="android.intent.category.LAUNCHER" />
113-->src/main/AndroidManifest.xml:55:17-77
113-->src/main/AndroidManifest.xml:55:27-74
114            </intent-filter>
115        </activity>
116
117        <!-- FCM Service -->
118        <service
118-->src/main/AndroidManifest.xml:60:9-66:19
119            android:name="com.msa.android.presentation.service.MSAFirebaseMessagingService"
119-->src/main/AndroidManifest.xml:61:13-92
120            android:exported="false" >
120-->src/main/AndroidManifest.xml:62:13-37
121            <intent-filter>
121-->src/main/AndroidManifest.xml:63:13-65:29
122                <action android:name="com.google.firebase.MESSAGING_EVENT" />
122-->src/main/AndroidManifest.xml:64:17-78
122-->src/main/AndroidManifest.xml:64:25-75
123            </intent-filter>
124        </service>
125
126        <meta-data
126-->src/main/AndroidManifest.xml:68:9-70:60
127            android:name="com.google.firebase.messaging.default_notification_icon"
127-->src/main/AndroidManifest.xml:69:13-83
128            android:resource="@drawable/ic_notification" />
128-->src/main/AndroidManifest.xml:70:13-57
129        <meta-data
129-->src/main/AndroidManifest.xml:72:9-74:59
130            android:name="com.google.firebase.messaging.default_notification_color"
130-->src/main/AndroidManifest.xml:73:13-84
131            android:resource="@color/notification_gold" />
131-->src/main/AndroidManifest.xml:74:13-56
132        <meta-data
132-->src/main/AndroidManifest.xml:76:9-78:51
133            android:name="com.google.firebase.messaging.default_notification_channel_id"
133-->src/main/AndroidManifest.xml:77:13-89
134            android:value="msa_channel_default" />
134-->src/main/AndroidManifest.xml:78:13-48
135
136        <service
136-->[androidx.camera:camera-camera2:1.4.2] AndroidManifest.xml:24:9-33:19
137            android:name="androidx.camera.core.impl.MetadataHolderService"
137-->[androidx.camera:camera-camera2:1.4.2] AndroidManifest.xml:25:13-75
138            android:enabled="false"
138-->[androidx.camera:camera-camera2:1.4.2] AndroidManifest.xml:26:13-36
139            android:exported="false" >
139-->[androidx.camera:camera-camera2:1.4.2] AndroidManifest.xml:27:13-37
140            <meta-data
140-->[androidx.camera:camera-camera2:1.4.2] AndroidManifest.xml:30:13-32:89
141                android:name="androidx.camera.core.impl.MetadataHolderService.DEFAULT_CONFIG_PROVIDER"
141-->[androidx.camera:camera-camera2:1.4.2] AndroidManifest.xml:31:17-103
142                android:value="androidx.camera.camera2.Camera2Config$DefaultProvider" />
142-->[androidx.camera:camera-camera2:1.4.2] AndroidManifest.xml:32:17-86
143        </service>
144        <service
144-->[com.google.android.gms:play-services-mlkit-barcode-scanning:18.3.1] AndroidManifest.xml:9:9-15:19
145            android:name="com.google.mlkit.common.internal.MlKitComponentDiscoveryService"
145-->[com.google.android.gms:play-services-mlkit-barcode-scanning:18.3.1] AndroidManifest.xml:10:13-91
146            android:directBootAware="true"
146-->[com.google.mlkit:common:18.11.0] AndroidManifest.xml:17:13-43
147            android:exported="false" >
147-->[com.google.android.gms:play-services-mlkit-barcode-scanning:18.3.1] AndroidManifest.xml:11:13-37
148            <meta-data
148-->[com.google.android.gms:play-services-mlkit-barcode-scanning:18.3.1] AndroidManifest.xml:12:13-14:85
149                android:name="com.google.firebase.components:com.google.mlkit.vision.barcode.internal.BarcodeRegistrar"
149-->[com.google.android.gms:play-services-mlkit-barcode-scanning:18.3.1] AndroidManifest.xml:13:17-120
150                android:value="com.google.firebase.components.ComponentRegistrar" />
150-->[com.google.android.gms:play-services-mlkit-barcode-scanning:18.3.1] AndroidManifest.xml:14:17-82
151            <meta-data
151-->[com.google.mlkit:vision-common:17.3.0] AndroidManifest.xml:12:13-14:85
152                android:name="com.google.firebase.components:com.google.mlkit.vision.common.internal.VisionCommonRegistrar"
152-->[com.google.mlkit:vision-common:17.3.0] AndroidManifest.xml:13:17-124
153                android:value="com.google.firebase.components.ComponentRegistrar" />
153-->[com.google.mlkit:vision-common:17.3.0] AndroidManifest.xml:14:17-82
154            <meta-data
154-->[com.google.mlkit:common:18.11.0] AndroidManifest.xml:20:13-22:85
155                android:name="com.google.firebase.components:com.google.mlkit.common.internal.CommonComponentRegistrar"
155-->[com.google.mlkit:common:18.11.0] AndroidManifest.xml:21:17-120
156                android:value="com.google.firebase.components.ComponentRegistrar" />
156-->[com.google.mlkit:common:18.11.0] AndroidManifest.xml:22:17-82
157        </service>
158
159        <provider
159-->[com.google.mlkit:common:18.11.0] AndroidManifest.xml:9:9-13:38
160            android:name="com.google.mlkit.common.internal.MlKitInitProvider"
160-->[com.google.mlkit:common:18.11.0] AndroidManifest.xml:10:13-78
161            android:authorities="com.msa.android.mlkitinitprovider"
161-->[com.google.mlkit:common:18.11.0] AndroidManifest.xml:11:13-69
162            android:exported="false"
162-->[com.google.mlkit:common:18.11.0] AndroidManifest.xml:12:13-37
163            android:initOrder="99" />
163-->[com.google.mlkit:common:18.11.0] AndroidManifest.xml:13:13-35
164
165        <service
165-->[com.google.firebase:firebase-analytics-ktx:22.0.2] AndroidManifest.xml:8:9-14:19
166            android:name="com.google.firebase.components.ComponentDiscoveryService"
166-->[com.google.firebase:firebase-analytics-ktx:22.0.2] AndroidManifest.xml:9:13-84
167            android:directBootAware="true"
167-->[com.google.firebase:firebase-common:21.0.0] AndroidManifest.xml:32:13-43
168            android:exported="false" >
168-->[com.google.firebase:firebase-analytics-ktx:22.0.2] AndroidManifest.xml:10:13-37
169            <meta-data
169-->[com.google.firebase:firebase-analytics-ktx:22.0.2] AndroidManifest.xml:11:13-13:85
170                android:name="com.google.firebase.components:com.google.firebase.analytics.ktx.FirebaseAnalyticsLegacyRegistrar"
170-->[com.google.firebase:firebase-analytics-ktx:22.0.2] AndroidManifest.xml:12:17-129
171                android:value="com.google.firebase.components.ComponentRegistrar" />
171-->[com.google.firebase:firebase-analytics-ktx:22.0.2] AndroidManifest.xml:13:17-82
172            <meta-data
172-->[com.google.firebase:firebase-messaging-ktx:24.0.0] AndroidManifest.xml:26:13-28:85
173                android:name="com.google.firebase.components:com.google.firebase.messaging.ktx.FirebaseMessagingLegacyRegistrar"
173-->[com.google.firebase:firebase-messaging-ktx:24.0.0] AndroidManifest.xml:27:17-129
174                android:value="com.google.firebase.components.ComponentRegistrar" />
174-->[com.google.firebase:firebase-messaging-ktx:24.0.0] AndroidManifest.xml:28:17-82
175            <meta-data
175-->[com.google.firebase:firebase-messaging:24.0.0] AndroidManifest.xml:57:13-59:85
176                android:name="com.google.firebase.components:com.google.firebase.messaging.FirebaseMessagingKtxRegistrar"
176-->[com.google.firebase:firebase-messaging:24.0.0] AndroidManifest.xml:58:17-122
177                android:value="com.google.firebase.components.ComponentRegistrar" />
177-->[com.google.firebase:firebase-messaging:24.0.0] AndroidManifest.xml:59:17-82
178            <meta-data
178-->[com.google.firebase:firebase-messaging:24.0.0] AndroidManifest.xml:60:13-62:85
179                android:name="com.google.firebase.components:com.google.firebase.messaging.FirebaseMessagingRegistrar"
179-->[com.google.firebase:firebase-messaging:24.0.0] AndroidManifest.xml:61:17-119
180                android:value="com.google.firebase.components.ComponentRegistrar" />
180-->[com.google.firebase:firebase-messaging:24.0.0] AndroidManifest.xml:62:17-82
181            <meta-data
181-->[com.google.firebase:firebase-config-ktx:22.0.0] AndroidManifest.xml:12:13-14:85
182                android:name="com.google.firebase.components:com.google.firebase.remoteconfig.ktx.FirebaseConfigLegacyRegistrar"
182-->[com.google.firebase:firebase-config-ktx:22.0.0] AndroidManifest.xml:13:17-129
183                android:value="com.google.firebase.components.ComponentRegistrar" />
183-->[com.google.firebase:firebase-config-ktx:22.0.0] AndroidManifest.xml:14:17-82
184            <meta-data
184-->[com.google.firebase:firebase-firestore-ktx:25.0.0] AndroidManifest.xml:12:13-14:85
185                android:name="com.google.firebase.components:com.google.firebase.firestore.ktx.FirebaseFirestoreLegacyRegistrar"
185-->[com.google.firebase:firebase-firestore-ktx:25.0.0] AndroidManifest.xml:13:17-129
186                android:value="com.google.firebase.components.ComponentRegistrar" />
186-->[com.google.firebase:firebase-firestore-ktx:25.0.0] AndroidManifest.xml:14:17-82
187            <meta-data
187-->[com.google.firebase:firebase-config:22.0.0] AndroidManifest.xml:29:13-31:85
188                android:name="com.google.firebase.components:com.google.firebase.remoteconfig.FirebaseRemoteConfigKtxRegistrar"
188-->[com.google.firebase:firebase-config:22.0.0] AndroidManifest.xml:30:17-128
189                android:value="com.google.firebase.components.ComponentRegistrar" />
189-->[com.google.firebase:firebase-config:22.0.0] AndroidManifest.xml:31:17-82
190            <meta-data
190-->[com.google.firebase:firebase-config:22.0.0] AndroidManifest.xml:32:13-34:85
191                android:name="com.google.firebase.components:com.google.firebase.remoteconfig.RemoteConfigRegistrar"
191-->[com.google.firebase:firebase-config:22.0.0] AndroidManifest.xml:33:17-117
192                android:value="com.google.firebase.components.ComponentRegistrar" />
192-->[com.google.firebase:firebase-config:22.0.0] AndroidManifest.xml:34:17-82
193            <meta-data
193-->[com.google.android.gms:play-services-measurement-api:22.0.2] AndroidManifest.xml:37:13-39:85
194                android:name="com.google.firebase.components:com.google.firebase.analytics.connector.internal.AnalyticsConnectorRegistrar"
194-->[com.google.android.gms:play-services-measurement-api:22.0.2] AndroidManifest.xml:38:17-139
195                android:value="com.google.firebase.components.ComponentRegistrar" />
195-->[com.google.android.gms:play-services-measurement-api:22.0.2] AndroidManifest.xml:39:17-82
196            <meta-data
196-->[com.google.firebase:firebase-installations:18.0.0] AndroidManifest.xml:15:13-17:85
197                android:name="com.google.firebase.components:com.google.firebase.installations.FirebaseInstallationsKtxRegistrar"
197-->[com.google.firebase:firebase-installations:18.0.0] AndroidManifest.xml:16:17-130
198                android:value="com.google.firebase.components.ComponentRegistrar" />
198-->[com.google.firebase:firebase-installations:18.0.0] AndroidManifest.xml:17:17-82
199            <meta-data
199-->[com.google.firebase:firebase-installations:18.0.0] AndroidManifest.xml:18:13-20:85
200                android:name="com.google.firebase.components:com.google.firebase.installations.FirebaseInstallationsRegistrar"
200-->[com.google.firebase:firebase-installations:18.0.0] AndroidManifest.xml:19:17-127
201                android:value="com.google.firebase.components.ComponentRegistrar" />
201-->[com.google.firebase:firebase-installations:18.0.0] AndroidManifest.xml:20:17-82
202            <meta-data
202-->[com.google.firebase:firebase-firestore:25.0.0] AndroidManifest.xml:17:13-19:85
203                android:name="com.google.firebase.components:com.google.firebase.firestore.FirebaseFirestoreKtxRegistrar"
203-->[com.google.firebase:firebase-firestore:25.0.0] AndroidManifest.xml:18:17-122
204                android:value="com.google.firebase.components.ComponentRegistrar" />
204-->[com.google.firebase:firebase-firestore:25.0.0] AndroidManifest.xml:19:17-82
205            <meta-data
205-->[com.google.firebase:firebase-firestore:25.0.0] AndroidManifest.xml:20:13-22:85
206                android:name="com.google.firebase.components:com.google.firebase.firestore.FirestoreRegistrar"
206-->[com.google.firebase:firebase-firestore:25.0.0] AndroidManifest.xml:21:17-111
207                android:value="com.google.firebase.components.ComponentRegistrar" />
207-->[com.google.firebase:firebase-firestore:25.0.0] AndroidManifest.xml:22:17-82
208            <meta-data
208-->[com.google.firebase:firebase-common-ktx:21.0.0] AndroidManifest.xml:12:13-14:85
209                android:name="com.google.firebase.components:com.google.firebase.ktx.FirebaseCommonLegacyRegistrar"
209-->[com.google.firebase:firebase-common-ktx:21.0.0] AndroidManifest.xml:13:17-116
210                android:value="com.google.firebase.components.ComponentRegistrar" />
210-->[com.google.firebase:firebase-common-ktx:21.0.0] AndroidManifest.xml:14:17-82
211            <meta-data
211-->[com.google.firebase:firebase-common:21.0.0] AndroidManifest.xml:35:13-37:85
212                android:name="com.google.firebase.components:com.google.firebase.FirebaseCommonKtxRegistrar"
212-->[com.google.firebase:firebase-common:21.0.0] AndroidManifest.xml:36:17-109
213                android:value="com.google.firebase.components.ComponentRegistrar" />
213-->[com.google.firebase:firebase-common:21.0.0] AndroidManifest.xml:37:17-82
214            <meta-data
214-->[com.google.firebase:firebase-abt:21.1.1] AndroidManifest.xml:12:13-14:85
215                android:name="com.google.firebase.components:com.google.firebase.abt.component.AbtRegistrar"
215-->[com.google.firebase:firebase-abt:21.1.1] AndroidManifest.xml:13:17-109
216                android:value="com.google.firebase.components.ComponentRegistrar" />
216-->[com.google.firebase:firebase-abt:21.1.1] AndroidManifest.xml:14:17-82
217            <meta-data
217-->[com.google.firebase:firebase-datatransport:18.2.0] AndroidManifest.xml:25:13-27:85
218                android:name="com.google.firebase.components:com.google.firebase.datatransport.TransportRegistrar"
218-->[com.google.firebase:firebase-datatransport:18.2.0] AndroidManifest.xml:26:17-115
219                android:value="com.google.firebase.components.ComponentRegistrar" />
219-->[com.google.firebase:firebase-datatransport:18.2.0] AndroidManifest.xml:27:17-82
220        </service>
221
222        <receiver
222-->[com.google.android.gms:play-services-measurement:22.0.2] AndroidManifest.xml:29:9-33:20
223            android:name="com.google.android.gms.measurement.AppMeasurementReceiver"
223-->[com.google.android.gms:play-services-measurement:22.0.2] AndroidManifest.xml:30:13-85
224            android:enabled="true"
224-->[com.google.android.gms:play-services-measurement:22.0.2] AndroidManifest.xml:31:13-35
225            android:exported="false" >
225-->[com.google.android.gms:play-services-measurement:22.0.2] AndroidManifest.xml:32:13-37
226        </receiver>
227
228        <service
228-->[com.google.android.gms:play-services-measurement:22.0.2] AndroidManifest.xml:35:9-38:40
229            android:name="com.google.android.gms.measurement.AppMeasurementService"
229-->[com.google.android.gms:play-services-measurement:22.0.2] AndroidManifest.xml:36:13-84
230            android:enabled="true"
230-->[com.google.android.gms:play-services-measurement:22.0.2] AndroidManifest.xml:37:13-35
231            android:exported="false" />
231-->[com.google.android.gms:play-services-measurement:22.0.2] AndroidManifest.xml:38:13-37
232        <service
232-->[com.google.android.gms:play-services-measurement:22.0.2] AndroidManifest.xml:39:9-43:72
233            android:name="com.google.android.gms.measurement.AppMeasurementJobService"
233-->[com.google.android.gms:play-services-measurement:22.0.2] AndroidManifest.xml:40:13-87
234            android:enabled="true"
234-->[com.google.android.gms:play-services-measurement:22.0.2] AndroidManifest.xml:41:13-35
235            android:exported="false"
235-->[com.google.android.gms:play-services-measurement:22.0.2] AndroidManifest.xml:42:13-37
236            android:permission="android.permission.BIND_JOB_SERVICE" />
236-->[com.google.android.gms:play-services-measurement:22.0.2] AndroidManifest.xml:43:13-69
237
238        <receiver
238-->[com.google.firebase:firebase-messaging:24.0.0] AndroidManifest.xml:29:9-40:20
239            android:name="com.google.firebase.iid.FirebaseInstanceIdReceiver"
239-->[com.google.firebase:firebase-messaging:24.0.0] AndroidManifest.xml:30:13-78
240            android:exported="true"
240-->[com.google.firebase:firebase-messaging:24.0.0] AndroidManifest.xml:31:13-36
241            android:permission="com.google.android.c2dm.permission.SEND" >
241-->[com.google.firebase:firebase-messaging:24.0.0] AndroidManifest.xml:32:13-73
242            <intent-filter>
242-->[com.google.firebase:firebase-messaging:24.0.0] AndroidManifest.xml:33:13-35:29
243                <action android:name="com.google.android.c2dm.intent.RECEIVE" />
243-->[com.google.firebase:firebase-messaging:24.0.0] AndroidManifest.xml:34:17-81
243-->[com.google.firebase:firebase-messaging:24.0.0] AndroidManifest.xml:34:25-78
244            </intent-filter>
245
246            <meta-data
246-->[com.google.firebase:firebase-messaging:24.0.0] AndroidManifest.xml:37:13-39:40
247                android:name="com.google.android.gms.cloudmessaging.FINISHED_AFTER_HANDLED"
247-->[com.google.firebase:firebase-messaging:24.0.0] AndroidManifest.xml:38:17-92
248                android:value="true" />
248-->[com.google.firebase:firebase-messaging:24.0.0] AndroidManifest.xml:39:17-37
249        </receiver>
250        <!--
251             FirebaseMessagingService performs security checks at runtime,
252             but set to not exported to explicitly avoid allowing another app to call it.
253        -->
254        <service
254-->[com.google.firebase:firebase-messaging:24.0.0] AndroidManifest.xml:46:9-53:19
255            android:name="com.google.firebase.messaging.FirebaseMessagingService"
255-->[com.google.firebase:firebase-messaging:24.0.0] AndroidManifest.xml:47:13-82
256            android:directBootAware="true"
256-->[com.google.firebase:firebase-messaging:24.0.0] AndroidManifest.xml:48:13-43
257            android:exported="false" >
257-->[com.google.firebase:firebase-messaging:24.0.0] AndroidManifest.xml:49:13-37
258            <intent-filter android:priority="-500" >
258-->src/main/AndroidManifest.xml:63:13-65:29
259                <action android:name="com.google.firebase.MESSAGING_EVENT" />
259-->src/main/AndroidManifest.xml:64:17-78
259-->src/main/AndroidManifest.xml:64:25-75
260            </intent-filter>
261        </service> <!-- Include the AdActivity and InAppPurchaseActivity configChanges and themes. -->
262        <activity
262-->[com.google.android.gms:play-services-ads-lite:23.5.0] AndroidManifest.xml:73:9-78:43
263            android:name="com.google.android.gms.ads.AdActivity"
263-->[com.google.android.gms:play-services-ads-lite:23.5.0] AndroidManifest.xml:74:13-65
264            android:configChanges="keyboard|keyboardHidden|orientation|screenLayout|uiMode|screenSize|smallestScreenSize"
264-->[com.google.android.gms:play-services-ads-lite:23.5.0] AndroidManifest.xml:75:13-122
265            android:exported="false"